<?xml version="1.0" encoding="UTF-8"?>
<robot generated="20181128 21:30:24.363" generator="Robot 3.0.2 (Python 2.7.10 on darwin)">
<suite source="/Users/taimoor.pasha/PycharmProjects/SQL_Server_Testing/Robot_Sample_File.robot" id="s1" name="Robot Sample File">
<test id="s1-t1" name="connection_with_source">
<kw name="connection_String">
<arguments>
<arg>1</arg>
</arguments>
<msg timestamp="20181128 21:30:24.462" level="FAIL">No keyword with name 'connection_String' found.</msg>
<status status="FAIL" endtime="20181128 21:30:24.463" starttime="20181128 21:30:24.462"></status>
</kw>
<status status="FAIL" endtime="20181128 21:30:24.463" critical="yes" starttime="20181128 21:30:24.459">No keyword with name 'connection_String' found.</status>
</test>
<doc>Test suite to validate API
TO execute the test: robot --outputdir TestResult --timestampoutputs notification.robot</doc>
<status status="FAIL" endtime="20181128 21:30:24.464" starttime="20181128 21:30:24.365"></status>
</suite>
<statistics>
<total>
<stat fail="1" pass="0">Critical Tests</stat>
<stat fail="1" pass="0">All Tests</stat>
</total>
<tag>
</tag>
<suite>
<stat fail="1" id="s1" name="Robot Sample File" pass="0">Robot Sample File</stat>
</suite>
</statistics>
<errors>
<msg timestamp="20181128 21:30:24.457" level="ERROR">Error in file '/Users/taimoor.pasha/PycharmProjects/SQL_Server_Testing/Robot_Sample_File.robot': Importing test library '/Users/taimoor.pasha/PycharmProjects/SQL_Server_Testing/MySQL_Server_Testing.py' failed: ImportError: No module named pymysql
Traceback (most recent call last):
  File "/Users/taimoor.pasha/PycharmProjects/SQL_Server_Testing/MySQL_Server_Testing.py", line 1, in &lt;module&gt;
    import pymysql
PYTHONPATH:
  /usr/local/bin
  /Library/Python/2.7/site-packages/pip-9.0.1-py2.7.egg
  /usr/local/lib/wxPython-unicode-2.8.12.1/lib/python2.7/site-packages
  /usr/local/lib/wxPython-unicode-2.8.12.1/lib/python2.7/site-packages/wx-2.8-mac-unicode
  /System/Library/Frameworks/Python.framework/Versions/2.7/lib/python27.zip
  /System/Library/Frameworks/Python.framework/Versions/2.7/lib/python2.7
  /System/Library/Frameworks/Python.framework/Versions/2.7/lib/python2.7/plat-darwin
  /System/Library/Frameworks/Python.framework/Versions/2.7/lib/python2.7/plat-mac
  /System/Library/Frameworks/Python.framework/Versions/2.7/lib/python2.7/plat-mac/lib-scriptpackages
  /System/Library/Frameworks/Python.framework/Versions/2.7/Extras/lib/python
  /System/Library/Frameworks/Python.framework/Versions/2.7/lib/python2.7/lib-tk
  /System/Library/Frameworks/Python.framework/Versions/2.7/lib/python2.7/lib-old
  /System/Library/Frameworks/Python.framework/Versions/2.7/lib/python2.7/lib-dynload
  /System/Library/Frameworks/Python.framework/Versions/2.7/Extras/lib/python/PyObjC
  /Library/Python/2.7/site-packages
  /usr/local/lib/wxPython-unicode-2.8.12.1/lib/python2.7</msg>
</errors>
</robot>
